Determining if the pthread_create exist failed with the following output:
Change Dir: /home/cth4kor/opencv_ws/src/lane_follower_ROS_C-/cmake-build-debug/CMakeFiles/CMakeTmp

Run Build Command:"/usr/bin/make" "cmTC_27ab2/fast"
/usr/bin/make -f CMakeFiles/cmTC_27ab2.dir/build.make CMakeFiles/cmTC_27ab2.dir/build
make[1]: Entering directory '/home/cth4kor/opencv_ws/src/lane_follower_ROS_C-/cmake-build-debug/CMakeFiles/CMakeTmp'
Building C object CMakeFiles/cmTC_27ab2.dir/CheckSymbolExists.c.o
/usr/bin/cc    -o CMakeFiles/cmTC_27ab2.dir/CheckSymbolExists.c.o   -c /home/cth4kor/opencv_ws/src/lane_follower_ROS_C-/cmake-build-debug/CMakeFiles/CMakeTmp/CheckSymbolExists.c
Linking C executable cmTC_27ab2
/home/cth4kor/clion-2018.3.4/bin/cmake/linux/bin/cmake -E cmake_link_script CMakeFiles/cmTC_27ab2.dir/link.txt --verbose=1
/usr/bin/cc      -rdynamic CMakeFiles/cmTC_27ab2.dir/CheckSymbolExists.c.o  -o cmTC_27ab2 
CMakeFiles/cmTC_27ab2.dir/CheckSymbolExists.c.o: In function `main':
CheckSymbolExists.c:(.text+0x16): undefined reference to `pthread_create'
collect2: error: ld returned 1 exit status
CMakeFiles/cmTC_27ab2.dir/build.make:86: recipe for target 'cmTC_27ab2' failed
make[1]: *** [cmTC_27ab2] Error 1
make[1]: Leaving directory '/home/cth4kor/opencv_ws/src/lane_follower_ROS_C-/cmake-build-debug/CMakeFiles/CMakeTmp'
Makefile:121: recipe for target 'cmTC_27ab2/fast' failed
make: *** [cmTC_27ab2/fast] Error 2

File /home/cth4kor/opencv_ws/src/lane_follower_ROS_C-/cmake-build-debug/CMakeFiles/CMakeTmp/CheckSymbolExists.c:
/* */
#include <pthread.h>

int main(int argc, char** argv)
{
  (void)argv;
#ifndef pthread_create
  return ((int*)(&pthread_create))[argc];
#else
  (void)argc;
  return 0;
#endif
}

Determining if the function pthread_create exists in the pthreads failed with the following output:
Change Dir: /home/cth4kor/opencv_ws/src/lane_follower_ROS_C-/cmake-build-debug/CMakeFiles/CMakeTmp

Run Build Command:"/usr/bin/make" "cmTC_5ead3/fast"
/usr/bin/make -f CMakeFiles/cmTC_5ead3.dir/build.make CMakeFiles/cmTC_5ead3.dir/build
make[1]: Entering directory '/home/cth4kor/opencv_ws/src/lane_follower_ROS_C-/cmake-build-debug/CMakeFiles/CMakeTmp'
Building C object CMakeFiles/cmTC_5ead3.dir/CheckFunctionExists.c.o
/usr/bin/cc   -DCHECK_FUNCTION_EXISTS=pthread_create   -o CMakeFiles/cmTC_5ead3.dir/CheckFunctionExists.c.o   -c /home/cth4kor/clion-2018.3.4/bin/cmake/linux/share/cmake-3.13/Modules/CheckFunctionExists.c
Linking C executable cmTC_5ead3
/home/cth4kor/clion-2018.3.4/bin/cmake/linux/bin/cmake -E cmake_link_script CMakeFiles/cmTC_5ead3.dir/link.txt --verbose=1
/usr/bin/cc  -DCHECK_FUNCTION_EXISTS=pthread_create    -rdynamic CMakeFiles/cmTC_5ead3.dir/CheckFunctionExists.c.o  -o cmTC_5ead3 -lpthreads 
/usr/bin/ld: cannot find -lpthreads
collect2: error: ld returned 1 exit status
CMakeFiles/cmTC_5ead3.dir/build.make:86: recipe for target 'cmTC_5ead3' failed
make[1]: *** [cmTC_5ead3] Error 1
make[1]: Leaving directory '/home/cth4kor/opencv_ws/src/lane_follower_ROS_C-/cmake-build-debug/CMakeFiles/CMakeTmp'
Makefile:121: recipe for target 'cmTC_5ead3/fast' failed
make: *** [cmTC_5ead3/fast] Error 2


